<?xml version="1.0" encoding="UTF-8"?>
<!-- Generated by org.testng.reporters.JUnitReportReporter -->
<testsuite hostname="DESKTOP-ODRLRUF" failures="0" tests="1" name="GenericMethod.Base" time="12.437" errors="0" timestamp="27 Oct 2018 16:44:37 GMT" skipped="0">
  <testcase classname="GenericMethod.Base" name="testmethod" time="12.437"/>
</testsuite> <!-- GenericMethod.Base -->
