<?xml version="1.0" encoding="UTF-8"?>
<!-- Generated by org.testng.reporters.JUnitReportReporter -->
<testsuite hostname="DESKTOP-ODRLRUF" failures="0" tests="1" name="TestPage.HomepageTest" time="25.889" errors="0" timestamp="28 Oct 2018 20:03:29 GMT" skipped="0">
  <testcase classname="TestPage.HomepageTest" name="FilloutBox" time="25.889"/>
</testsuite> <!-- TestPage.HomepageTest -->
